Command line invocation:
    /Applications/Xcode.app/Contents/Developer/usr/bin/xcodebuild -scheme FamilyGame -destination "generic/platform=iOS Simulator" -configuration Debug

Resolve Package Graph
2026-03-14 19:15:43.608 xcodebuild[19385:73573035] [MT] IDERunDestination: Supported platforms for the buildables in the current scheme is empty.


Resolved source packages:
  FamilyGame: /Users/amolbabu/projects/familyGame

ComputePackagePrebuildTargetDependencyGraph

Prepare packages

CreateBuildRequest

SendProjectDescription

CreateBuildOperation

ComputeTargetDependencyGraph
note: Building targets in dependency order
note: Target dependency graph (2 targets)
    Target 'FamilyGame' in project 'FamilyGame'
        ➜ Explicit dependency on target 'FamilyGame' in project 'FamilyGame'
    Target 'FamilyGame' in project 'FamilyGame' (no dependencies)

GatherProvisioningInputs

CreateBuildDescription

ExecuteExternalTool /Applications/Xcode.app/Contents/Developer/Toolchains/XcodeDefault.xctoolchain/usr/bin/clang -v -E -dM -isysroot /Applications/Xcode.app/Contents/Developer/Platforms/iPhoneSimulator.platform/Developer/SDKs/iPhoneSimulator26.2.sdk -x c -c /dev/null

ExecuteExternalTool /Applications/Xcode.app/Contents/Developer/Toolchains/XcodeDefault.xctoolchain/usr/bin/swiftc --version

ExecuteExternalTool /Applications/Xcode.app/Contents/Developer/Toolchains/XcodeDefault.xctoolchain/usr/bin/ld -version_details

Build description signature: 077c80c34c12ec0bc270d488fe34e633
Build description path: /Users/amolbabu/Library/Developer/Xcode/DerivedData/familyGame-bmkhxrecikmiviejwcplcevixwog/Build/Intermediates.noindex/XCBuildData/077c80c34c12ec0bc270d488fe34e633.xcbuilddata
ClangStatCache /Applications/Xcode.app/Contents/Developer/Toolchains/XcodeDefault.xctoolchain/usr/bin/clang-stat-cache /Applications/Xcode.app/Contents/Developer/Platforms/iPhoneSimulator.platform/Developer/SDKs/iPhoneSimulator26.2.sdk /Users/amolbabu/Library/Developer/Xcode/DerivedData/SDKStatCaches.noindex/iphonesimulator26.2-23C57-7d00a8b37fbd7999ea79df8ebc024bf0.sdkstatcache
    cd /Users/amolbabu/projects/familyGame/.swiftpm/xcode
    /Applications/Xcode.app/Contents/Developer/Toolchains/XcodeDefault.xctoolchain/usr/bin/clang-stat-cache /Applications/Xcode.app/Contents/Developer/Platforms/iPhoneSimulator.platform/Developer/SDKs/iPhoneSimulator26.2.sdk -o /Users/amolbabu/Library/Developer/Xcode/DerivedData/SDKStatCaches.noindex/iphonesimulator26.2-23C57-7d00a8b37fbd7999ea79df8ebc024bf0.sdkstatcache

CreateBuildDirectory /Users/amolbabu/Library/Developer/Xcode/DerivedData/familyGame-bmkhxrecikmiviejwcplcevixwog/Build/Products/Debug-iphonesimulator
    cd /Users/amolbabu/projects/familyGame/.swiftpm/xcode
    builtin-create-build-directory /Users/amolbabu/Library/Developer/Xcode/DerivedData/familyGame-bmkhxrecikmiviejwcplcevixwog/Build/Products/Debug-iphonesimulator

CreateBuildDirectory /Users/amolbabu/Library/Developer/Xcode/DerivedData/familyGame-bmkhxrecikmiviejwcplcevixwog/Build/Intermediates.noindex/EagerLinkingTBDs/Debug-iphonesimulator
    cd /Users/amolbabu/projects/familyGame/.swiftpm/xcode
    builtin-create-build-directory /Users/amolbabu/Library/Developer/Xcode/DerivedData/familyGame-bmkhxrecikmiviejwcplcevixwog/Build/Intermediates.noindex/EagerLinkingTBDs/Debug-iphonesimulator

CreateBuildDirectory /Users/amolbabu/Library/Developer/Xcode/DerivedData/familyGame-bmkhxrecikmiviejwcplcevixwog/Build/Products/Debug-iphonesimulator/PackageFrameworks
    cd /Users/amolbabu/projects/familyGame/.swiftpm/xcode
    builtin-create-build-directory /Users/amolbabu/Library/Developer/Xcode/DerivedData/familyGame-bmkhxrecikmiviejwcplcevixwog/Build/Products/Debug-iphonesimulator/PackageFrameworks

WriteAuxiliaryFile /Users/amolbabu/Library/Developer/Xcode/DerivedData/familyGame-bmkhxrecikmiviejwcplcevixwog/Build/Intermediates.noindex/FamilyGame.build/Debug-iphonesimulator/FamilyGame.build/FamilyGame.modulemap (in target 'FamilyGame' from project 'FamilyGame')
    cd /Users/amolbabu/projects/familyGame
    write-file /Users/amolbabu/Library/Developer/Xcode/DerivedData/familyGame-bmkhxrecikmiviejwcplcevixwog/Build/Intermediates.noindex/FamilyGame.build/Debug-iphonesimulator/FamilyGame.build/FamilyGame.modulemap

WriteAuxiliaryFile /Users/amolbabu/Library/Developer/Xcode/DerivedData/familyGame-bmkhxrecikmiviejwcplcevixwog/Build/Intermediates.noindex/FamilyGame.build/Debug-iphonesimulator/FamilyGame.build/Objects-normal/x86_64/FamilyGame_const_extract_protocols.json (in target 'FamilyGame' from project 'FamilyGame')
    cd /Users/amolbabu/projects/familyGame
    write-file /Users/amolbabu/Library/Developer/Xcode/DerivedData/familyGame-bmkhxrecikmiviejwcplcevixwog/Build/Intermediates.noindex/FamilyGame.build/Debug-iphonesimulator/FamilyGame.build/Objects-normal/x86_64/FamilyGame_const_extract_protocols.json

WriteAuxiliaryFile /Users/amolbabu/Library/Developer/Xcode/DerivedData/familyGame-bmkhxrecikmiviejwcplcevixwog/Build/Intermediates.noindex/FamilyGame.build/Debug-iphonesimulator/FamilyGame.build/Objects-normal/x86_64/FamilyGame.LinkFileList (in target 'FamilyGame' from project 'FamilyGame')
    cd /Users/amolbabu/projects/familyGame
    write-file /Users/amolbabu/Library/Developer/Xcode/DerivedData/familyGame-bmkhxrecikmiviejwcplcevixwog/Build/Intermediates.noindex/FamilyGame.build/Debug-iphonesimulator/FamilyGame.build/Objects-normal/x86_64/FamilyGame.LinkFileList

WriteAuxiliaryFile /Users/amolbabu/Library/Developer/Xcode/DerivedData/familyGame-bmkhxrecikmiviejwcplcevixwog/Build/Intermediates.noindex/FamilyGame.build/Debug-iphonesimulator/FamilyGame.build/Objects-normal/x86_64/FamilyGame-OutputFileMap.json (in target 'FamilyGame' from project 'FamilyGame')
    cd /Users/amolbabu/projects/familyGame
    write-file /Users/amolbabu/Library/Developer/Xcode/DerivedData/familyGame-bmkhxrecikmiviejwcplcevixwog/Build/Intermediates.noindex/FamilyGame.build/Debug-iphonesimulator/FamilyGame.build/Objects-normal/x86_64/FamilyGame-OutputFileMap.json

WriteAuxiliaryFile /Users/amolbabu/Library/Developer/Xcode/DerivedData/familyGame-bmkhxrecikmiviejwcplcevixwog/Build/Intermediates.noindex/FamilyGame.build/Debug-iphonesimulator/FamilyGame.build/Objects-normal/arm64/FamilyGame.LinkFileList (in target 'FamilyGame' from project 'FamilyGame')
    cd /Users/amolbabu/projects/familyGame
    write-file /Users/amolbabu/Library/Developer/Xcode/DerivedData/familyGame-bmkhxrecikmiviejwcplcevixwog/Build/Intermediates.noindex/FamilyGame.build/Debug-iphonesimulator/FamilyGame.build/Objects-normal/arm64/FamilyGame.LinkFileList

WriteAuxiliaryFile /Users/amolbabu/Library/Developer/Xcode/DerivedData/familyGame-bmkhxrecikmiviejwcplcevixwog/Build/Intermediates.noindex/FamilyGame.build/Debug-iphonesimulator/FamilyGame.build/Objects-normal/arm64/FamilyGame_const_extract_protocols.json (in target 'FamilyGame' from project 'FamilyGame')
    cd /Users/amolbabu/projects/familyGame
    write-file /Users/amolbabu/Library/Developer/Xcode/DerivedData/familyGame-bmkhxrecikmiviejwcplcevixwog/Build/Intermediates.noindex/FamilyGame.build/Debug-iphonesimulator/FamilyGame.build/Objects-normal/arm64/FamilyGame_const_extract_protocols.json

WriteAuxiliaryFile /Users/amolbabu/Library/Developer/Xcode/DerivedData/familyGame-bmkhxrecikmiviejwcplcevixwog/Build/Intermediates.noindex/FamilyGame.build/Debug-iphonesimulator/FamilyGame.build/Objects-normal/arm64/FamilyGame-OutputFileMap.json (in target 'FamilyGame' from project 'FamilyGame')
    cd /Users/amolbabu/projects/familyGame
    write-file /Users/amolbabu/Library/Developer/Xcode/DerivedData/familyGame-bmkhxrecikmiviejwcplcevixwog/Build/Intermediates.noindex/FamilyGame.build/Debug-iphonesimulator/FamilyGame.build/Objects-normal/arm64/FamilyGame-OutputFileMap.json

WriteAuxiliaryFile /Users/amolbabu/Library/Developer/Xcode/DerivedData/familyGame-bmkhxrecikmiviejwcplcevixwog/Build/Intermediates.noindex/FamilyGame.build/Debug-iphonesimulator/FamilyGame.build/Objects-normal/x86_64/FamilyGame.SwiftFileList (in target 'FamilyGame' from project 'FamilyGame')
    cd /Users/amolbabu/projects/familyGame
    write-file /Users/amolbabu/Library/Developer/Xcode/DerivedData/familyGame-bmkhxrecikmiviejwcplcevixwog/Build/Intermediates.noindex/FamilyGame.build/Debug-iphonesimulator/FamilyGame.build/Objects-normal/x86_64/FamilyGame.SwiftFileList

WriteAuxiliaryFile /Users/amolbabu/Library/Developer/Xcode/DerivedData/familyGame-bmkhxrecikmiviejwcplcevixwog/Build/Intermediates.noindex/FamilyGame.build/Debug-iphonesimulator/FamilyGame.build/Objects-normal/x86_64/FamilyGame.SwiftConstValuesFileList (in target 'FamilyGame' from project 'FamilyGame')
    cd /Users/amolbabu/projects/familyGame
    write-file /Users/amolbabu/Library/Developer/Xcode/DerivedData/familyGame-bmkhxrecikmiviejwcplcevixwog/Build/Intermediates.noindex/FamilyGame.build/Debug-iphonesimulator/FamilyGame.build/Objects-normal/x86_64/FamilyGame.SwiftConstValuesFileList

WriteAuxiliaryFile /Users/amolbabu/Library/Developer/Xcode/DerivedData/familyGame-bmkhxrecikmiviejwcplcevixwog/Build/Intermediates.noindex/FamilyGame.build/Debug-iphonesimulator/FamilyGame.build/Objects-normal/arm64/FamilyGame.SwiftFileList (in target 'FamilyGame' from project 'FamilyGame')
    cd /Users/amolbabu/projects/familyGame
    write-file /Users/amolbabu/Library/Developer/Xcode/DerivedData/familyGame-bmkhxrecikmiviejwcplcevixwog/Build/Intermediates.noindex/FamilyGame.build/Debug-iphonesimulator/FamilyGame.build/Objects-normal/arm64/FamilyGame.SwiftFileList

WriteAuxiliaryFile /Users/amolbabu/Library/Developer/Xcode/DerivedData/familyGame-bmkhxrecikmiviejwcplcevixwog/Build/Intermediates.noindex/FamilyGame.build/Debug-iphonesimulator/FamilyGame.build/FamilyGame.DependencyStaticMetadataFileList (in target 'FamilyGame' from project 'FamilyGame')
    cd /Users/amolbabu/projects/familyGame
    write-file /Users/amolbabu/Library/Developer/Xcode/DerivedData/familyGame-bmkhxrecikmiviejwcplcevixwog/Build/Intermediates.noindex/FamilyGame.build/Debug-iphonesimulator/FamilyGame.build/FamilyGame.DependencyStaticMetadataFileList

WriteAuxiliaryFile /Users/amolbabu/Library/Developer/Xcode/DerivedData/familyGame-bmkhxrecikmiviejwcplcevixwog/Build/Intermediates.noindex/FamilyGame.build/Debug-iphonesimulator/FamilyGame.build/FamilyGame.DependencyMetadataFileList (in target 'FamilyGame' from project 'FamilyGame')
    cd /Users/amolbabu/projects/familyGame
    write-file /Users/amolbabu/Library/Developer/Xcode/DerivedData/familyGame-bmkhxrecikmiviejwcplcevixwog/Build/Intermediates.noindex/FamilyGame.build/Debug-iphonesimulator/FamilyGame.build/FamilyGame.DependencyMetadataFileList

WriteAuxiliaryFile /Users/amolbabu/Library/Developer/Xcode/DerivedData/familyGame-bmkhxrecikmiviejwcplcevixwog/Build/Intermediates.noindex/FamilyGame.build/Debug-iphonesimulator/FamilyGame.build/Objects-normal/arm64/FamilyGame.SwiftConstValuesFileList (in target 'FamilyGame' from project 'FamilyGame')
    cd /Users/amolbabu/projects/familyGame
    write-file /Users/amolbabu/Library/Developer/Xcode/DerivedData/familyGame-bmkhxrecikmiviejwcplcevixwog/Build/Intermediates.noindex/FamilyGame.build/Debug-iphonesimulator/FamilyGame.build/Objects-normal/arm64/FamilyGame.SwiftConstValuesFileList

Copy /Users/amolbabu/Library/Developer/Xcode/DerivedData/familyGame-bmkhxrecikmiviejwcplcevixwog/Build/Intermediates.noindex/GeneratedModuleMaps-iphonesimulator/FamilyGame.modulemap /Users/amolbabu/Library/Developer/Xcode/DerivedData/familyGame-bmkhxrecikmiviejwcplcevixwog/Build/Intermediates.noindex/FamilyGame.build/Debug-iphonesimulator/FamilyGame.build/FamilyGame.modulemap (in target 'FamilyGame' from project 'FamilyGame')
    cd /Users/amolbabu/projects/familyGame
    builtin-copy -exclude .DS_Store -exclude CVS -exclude .svn -exclude .git -exclude .hg -resolve-src-symlinks /Users/amolbabu/Library/Developer/Xcode/DerivedData/familyGame-bmkhxrecikmiviejwcplcevixwog/Build/Intermediates.noindex/FamilyGame.build/Debug-iphonesimulator/FamilyGame.build/FamilyGame.modulemap /Users/amolbabu/Library/Developer/Xcode/DerivedData/familyGame-bmkhxrecikmiviejwcplcevixwog/Build/Intermediates.noindex/GeneratedModuleMaps-iphonesimulator

SwiftDriver FamilyGame normal x86_64 com.apple.xcode.tools.swift.compiler (in target 'FamilyGame' from project 'FamilyGame')
    cd /Users/amolbabu/projects/familyGame/.swiftpm/xcode
    builtin-SwiftDriver -- /Applications/Xcode.app/Contents/Developer/Toolchains/XcodeDefault.xctoolchain/usr/bin/swiftc -module-name FamilyGame -Onone -enforce-exclusivity\=checked @/Users/amolbabu/Library/Developer/Xcode/DerivedData/familyGame-bmkhxrecikmiviejwcplcevixwog/Build/Intermediates.noindex/FamilyGame.build/Debug-iphonesimulator/FamilyGame.build/Objects-normal/x86_64/FamilyGame.SwiftFileList -DSWIFT_PACKAGE -DDEBUG -DSWIFT_MODULE_RESOURCE_BUNDLE_UNAVAILABLE -DXcode -plugin-path /Applications/Xcode.app/Contents/Developer/Toolchains/XcodeDefault.xctoolchain/usr/lib/swift/host/plugins/testing -enable-experimental-feature DebugDescriptionMacro -sdk /Applications/Xcode.app/Contents/Developer/Platforms/iPhoneSimulator.platform/Developer/SDKs/iPhoneSimulator26.2.sdk -target x86_64-apple-ios17.0-simulator -g -module-cache-path /Users/amolbabu/Library/Developer/Xcode/DerivedData/ModuleCache.noindex -Xfrontend -serialize-debugging-options -profile-coverage-mapping -profile-generate -enable-testing -index-store-path /Users/amolbabu/Library/Developer/Xcode/DerivedData/familyGame-bmkhxrecikmiviejwcplcevixwog/Index.noindex/DataStore -Xcc -D_LIBCPP_HARDENING_MODE\=_LIBCPP_HARDENING_MODE_DEBUG -swift-version 5 -I /Users/amolbabu/Library/Developer/Xcode/DerivedData/familyGame-bmkhxrecikmiviejwcplcevixwog/Build/Products/Debug-iphonesimulator -Isystem /Applications/Xcode.app/Contents/Developer/Platforms/iPhoneSimulator.platform/Developer/usr/lib -F /Users/amolbabu/Library/Developer/Xcode/DerivedData/familyGame-bmkhxrecikmiviejwcplcevixwog/Build/Products/Debug-iphonesimulator -F /Applications/Xcode.app/Contents/Developer/Platforms/iPhoneSimulator.platform/Developer/Library/Frameworks -F /Applications/Xcode.app/Contents/Developer/Platforms/iPhoneSimulator.platform/Developer/SDKs/iPhoneSimulator26.2.sdk/Developer/Library/Frameworks -c -j8 -enable-batch-mode -incremental -Xcc -ivfsstatcache -Xcc /Users/amolbabu/Library/Developer/Xcode/DerivedData/SDKStatCaches.noindex/iphonesimulator26.2-23C57-7d00a8b37fbd7999ea79df8ebc024bf0.sdkstatcache -output-file-map /Users/amolbabu/Library/Developer/Xcode/DerivedData/familyGame-bmkhxrecikmiviejwcplcevixwog/Build/Intermediates.noindex/FamilyGame.build/Debug-iphonesimulator/FamilyGame.build/Objects-normal/x86_64/FamilyGame-OutputFileMap.json -use-frontend-parseable-output -save-temps -no-color-diagnostics -explicit-module-build -module-cache-path /Users/amolbabu/Library/Developer/Xcode/DerivedData/familyGame-bmkhxrecikmiviejwcplcevixwog/Build/Intermediates.noindex/SwiftExplicitPrecompiledModules -clang-scanner-module-cache-path /Users/amolbabu/Library/Developer/Xcode/DerivedData/ModuleCache.noindex -sdk-module-cache-path /Users/amolbabu/Library/Developer/Xcode/DerivedData/ModuleCache.noindex -serialize-diagnostics -emit-dependencies -emit-module -emit-module-path /Users/amolbabu/Library/Developer/Xcode/DerivedData/familyGame-bmkhxrecikmiviejwcplcevixwog/Build/Intermediates.noindex/FamilyGame.build/Debug-iphonesimulator/FamilyGame.build/Objects-normal/x86_64/FamilyGame.swiftmodule -validate-clang-modules-once -clang-build-session-file /Users/amolbabu/Library/Developer/Xcode/DerivedData/ModuleCache.noindex/Session.modulevalidation -package-name familygame -Xcc -I/Users/amolbabu/Library/Developer/Xcode/DerivedData/familyGame-bmkhxrecikmiviejwcplcevixwog/Build/Intermediates.noindex/FamilyGame.build/Debug-iphonesimulator/FamilyGame.build/swift-overrides.hmap -emit-const-values -Xfrontend -const-gather-protocols-file -Xfrontend /Users/amolbabu/Library/Developer/Xcode/DerivedData/familyGame-bmkhxrecikmiviejwcplcevixwog/Build/Intermediates.noindex/FamilyGame.build/Debug-iphonesimulator/FamilyGame.build/Objects-normal/x86_64/FamilyGame_const_extract_protocols.json -Xcc -I/Users/amolbabu/Library/Developer/Xcode/DerivedData/familyGame-bmkhxrecikmiviejwcplcevixwog/Build/Products/Debug-iphonesimulator/include -Xcc -I/Users/amolbabu/Library/Developer/Xcode/DerivedData/familyGame-bmkhxrecikmiviejwcplcevixwog/Build/Intermediates.noindex/FamilyGame.build/Debug-iphonesimulator/FamilyGame.build/DerivedSources-normal/x86_64 -Xcc -I/Users/amolbabu/Library/Developer/Xcode/DerivedData/familyGame-bmkhxrecikmiviejwcplcevixwog/Build/Intermediates.noindex/FamilyGame.build/Debug-iphonesimulator/FamilyGame.build/DerivedSources/x86_64 -Xcc -I/Users/amolbabu/Library/Developer/Xcode/DerivedData/familyGame-bmkhxrecikmiviejwcplcevixwog/Build/Intermediates.noindex/FamilyGame.build/Debug-iphonesimulator/FamilyGame.build/DerivedSources -Xcc -DSWIFT_PACKAGE -Xcc -DDEBUG\=1 -emit-objc-header -emit-objc-header-path /Users/amolbabu/Library/Developer/Xcode/DerivedData/familyGame-bmkhxrecikmiviejwcplcevixwog/Build/Intermediates.noindex/FamilyGame.build/Debug-iphonesimulator/FamilyGame.build/Objects-normal/x86_64/FamilyGame-Swift.h -working-directory /Users/amolbabu/projects/familyGame/.swiftpm/xcode -experimental-emit-module-separately -disable-cmo
/Users/amolbabu/projects/familyGame/ios/FamilyGame/FamilyGame/Views/CardView.swift:31:21: error: unterminated string literal
            ZStack {"}}]}``
                    ^
/Users/amolbabu/projects/familyGame/ios/FamilyGame/FamilyGame/Views/CardView.swift:31:21: error: unterminated string literal
            ZStack {"}}]}``
                    ^
/Users/amolbabu/projects/familyGame/ios/FamilyGame/FamilyGame/Views/CardView.swift:31:21: error: Unterminated string literal
            ZStack {"}}]}``
                    ^ (in target 'FamilyGame' from project 'FamilyGame')

SwiftDriver FamilyGame normal arm64 com.apple.xcode.tools.swift.compiler (in target 'FamilyGame' from project 'FamilyGame')
    cd /Users/amolbabu/projects/familyGame/.swiftpm/xcode
    builtin-SwiftDriver -- /Applications/Xcode.app/Contents/Developer/Toolchains/XcodeDefault.xctoolchain/usr/bin/swiftc -module-name FamilyGame -Onone -enforce-exclusivity\=checked @/Users/amolbabu/Library/Developer/Xcode/DerivedData/familyGame-bmkhxrecikmiviejwcplcevixwog/Build/Intermediates.noindex/FamilyGame.build/Debug-iphonesimulator/FamilyGame.build/Objects-normal/arm64/FamilyGame.SwiftFileList -DSWIFT_PACKAGE -DDEBUG -DSWIFT_MODULE_RESOURCE_BUNDLE_UNAVAILABLE -DXcode -plugin-path /Applications/Xcode.app/Contents/Developer/Toolchains/XcodeDefault.xctoolchain/usr/lib/swift/host/plugins/testing -enable-experimental-feature DebugDescriptionMacro -sdk /Applications/Xcode.app/Contents/Developer/Platforms/iPhoneSimulator.platform/Developer/SDKs/iPhoneSimulator26.2.sdk -target arm64-apple-ios17.0-simulator -g -module-cache-path /Users/amolbabu/Library/Developer/Xcode/DerivedData/ModuleCache.noindex -Xfrontend -serialize-debugging-options -profile-coverage-mapping -profile-generate -enable-testing -index-store-path /Users/amolbabu/Library/Developer/Xcode/DerivedData/familyGame-bmkhxrecikmiviejwcplcevixwog/Index.noindex/DataStore -Xcc -D_LIBCPP_HARDENING_MODE\=_LIBCPP_HARDENING_MODE_DEBUG -swift-version 5 -I /Users/amolbabu/Library/Developer/Xcode/DerivedData/familyGame-bmkhxrecikmiviejwcplcevixwog/Build/Products/Debug-iphonesimulator -Isystem /Applications/Xcode.app/Contents/Developer/Platforms/iPhoneSimulator.platform/Developer/usr/lib -F /Users/amolbabu/Library/Developer/Xcode/DerivedData/familyGame-bmkhxrecikmiviejwcplcevixwog/Build/Products/Debug-iphonesimulator -F /Applications/Xcode.app/Contents/Developer/Platforms/iPhoneSimulator.platform/Developer/Library/Frameworks -F /Applications/Xcode.app/Contents/Developer/Platforms/iPhoneSimulator.platform/Developer/SDKs/iPhoneSimulator26.2.sdk/Developer/Library/Frameworks -c -j8 -enable-batch-mode -incremental -Xcc -ivfsstatcache -Xcc /Users/amolbabu/Library/Developer/Xcode/DerivedData/SDKStatCaches.noindex/iphonesimulator26.2-23C57-7d00a8b37fbd7999ea79df8ebc024bf0.sdkstatcache -output-file-map /Users/amolbabu/Library/Developer/Xcode/DerivedData/familyGame-bmkhxrecikmiviejwcplcevixwog/Build/Intermediates.noindex/FamilyGame.build/Debug-iphonesimulator/FamilyGame.build/Objects-normal/arm64/FamilyGame-OutputFileMap.json -use-frontend-parseable-output -save-temps -no-color-diagnostics -explicit-module-build -module-cache-path /Users/amolbabu/Library/Developer/Xcode/DerivedData/familyGame-bmkhxrecikmiviejwcplcevixwog/Build/Intermediates.noindex/SwiftExplicitPrecompiledModules -clang-scanner-module-cache-path /Users/amolbabu/Library/Developer/Xcode/DerivedData/ModuleCache.noindex -sdk-module-cache-path /Users/amolbabu/Library/Developer/Xcode/DerivedData/ModuleCache.noindex -serialize-diagnostics -emit-dependencies -emit-module -emit-module-path /Users/amolbabu/Library/Developer/Xcode/DerivedData/familyGame-bmkhxrecikmiviejwcplcevixwog/Build/Intermediates.noindex/FamilyGame.build/Debug-iphonesimulator/FamilyGame.build/Objects-normal/arm64/FamilyGame.swiftmodule -validate-clang-modules-once -clang-build-session-file /Users/amolbabu/Library/Developer/Xcode/DerivedData/ModuleCache.noindex/Session.modulevalidation -package-name familygame -Xcc -I/Users/amolbabu/Library/Developer/Xcode/DerivedData/familyGame-bmkhxrecikmiviejwcplcevixwog/Build/Intermediates.noindex/FamilyGame.build/Debug-iphonesimulator/FamilyGame.build/swift-overrides.hmap -emit-const-values -Xfrontend -const-gather-protocols-file -Xfrontend /Users/amolbabu/Library/Developer/Xcode/DerivedData/familyGame-bmkhxrecikmiviejwcplcevixwog/Build/Intermediates.noindex/FamilyGame.build/Debug-iphonesimulator/FamilyGame.build/Objects-normal/arm64/FamilyGame_const_extract_protocols.json -Xcc -I/Users/amolbabu/Library/Developer/Xcode/DerivedData/familyGame-bmkhxrecikmiviejwcplcevixwog/Build/Products/Debug-iphonesimulator/include -Xcc -I/Users/amolbabu/Library/Developer/Xcode/DerivedData/familyGame-bmkhxrecikmiviejwcplcevixwog/Build/Intermediates.noindex/FamilyGame.build/Debug-iphonesimulator/FamilyGame.build/DerivedSources-normal/arm64 -Xcc -I/Users/amolbabu/Library/Developer/Xcode/DerivedData/familyGame-bmkhxrecikmiviejwcplcevixwog/Build/Intermediates.noindex/FamilyGame.build/Debug-iphonesimulator/FamilyGame.build/DerivedSources/arm64 -Xcc -I/Users/amolbabu/Library/Developer/Xcode/DerivedData/familyGame-bmkhxrecikmiviejwcplcevixwog/Build/Intermediates.noindex/FamilyGame.build/Debug-iphonesimulator/FamilyGame.build/DerivedSources -Xcc -DSWIFT_PACKAGE -Xcc -DDEBUG\=1 -emit-objc-header -emit-objc-header-path /Users/amolbabu/Library/Developer/Xcode/DerivedData/familyGame-bmkhxrecikmiviejwcplcevixwog/Build/Intermediates.noindex/FamilyGame.build/Debug-iphonesimulator/FamilyGame.build/Objects-normal/arm64/FamilyGame-Swift.h -working-directory /Users/amolbabu/projects/familyGame/.swiftpm/xcode -experimental-emit-module-separately -disable-cmo
/Users/amolbabu/projects/familyGame/ios/FamilyGame/FamilyGame/Views/CardView.swift:31:21: error: Unterminated string literal
            ZStack {"}}]}``
                    ^ (in target 'FamilyGame' from project 'FamilyGame')

** BUILD FAILED **


The following build commands failed:
	SwiftDriver FamilyGame normal x86_64 com.apple.xcode.tools.swift.compiler (in target 'FamilyGame' from project 'FamilyGame')
	SwiftDriver FamilyGame normal arm64 com.apple.xcode.tools.swift.compiler (in target 'FamilyGame' from project 'FamilyGame')
	Building workspace familyGame with scheme FamilyGame and configuration Debug
(3 failures)
